  Scanner.cpp
C:\Woosin\용인대학교 컴퓨터과학과\4학년1학기\모던프로그래밍\실습\5w-practice\5w-practice\Scanner.cpp(22,31): warning C4244: '인수': 'int'에서 '_Tp'(으)로 변환하면서 데이터가 손실될 수 있습니다.
          with
          [
              _Tp=float
          ]
C:\Woosin\용인대학교 컴퓨터과학과\4학년1학기\모던프로그래밍\실습\5w-practice\5w-practice\Scanner.cpp(22,28): warning C4244: '인수': 'int'에서 '_Tp'(으)로 변환하면서 데이터가 손실될 수 있습니다.
          with
          [
              _Tp=float
          ]
C:\Woosin\용인대학교 컴퓨터과학과\4학년1학기\모던프로그래밍\실습\5w-practice\5w-practice\Scanner.cpp(31,26): warning C4244: '인수': 'int'에서 '_Tp'(으)로 변환하면서 데이터가 손실될 수 있습니다.
          with
          [
              _Tp=float
          ]
C:\Woosin\용인대학교 컴퓨터과학과\4학년1학기\모던프로그래밍\실습\5w-practice\5w-practice\Scanner.cpp(32,32): warning C4244: '인수': 'int'에서 '_Tp'(으)로 변환하면서 데이터가 손실될 수 있습니다.
          with
          [
              _Tp=float
          ]
C:\Woosin\용인대학교 컴퓨터과학과\4학년1학기\모던프로그래밍\실습\5w-practice\5w-practice\Scanner.cpp(32,26): warning C4244: '인수': 'int'에서 '_Tp'(으)로 변환하면서 데이터가 손실될 수 있습니다.
          with
          [
              _Tp=float
          ]
C:\Woosin\용인대학교 컴퓨터과학과\4학년1학기\모던프로그래밍\실습\5w-practice\5w-practice\Scanner.cpp(33,29): warning C4244: '인수': 'int'에서 '_Tp'(으)로 변환하면서 데이터가 손실될 수 있습니다.
          with
          [
              _Tp=float
          ]
  main.cpp
  코드를 생성하고 있습니다...
  5w-practice.vcxproj -> C:\Woosin\용인대학교 컴퓨터과학과\4학년1학기\모던프로그래밍\실습\5w-practice\x64\Debug\5w-practice.exe
